<?xml version="1.0" encoding="UTF-8"?>
<!-- Generated by org.testng.reporters.JUnitXMLReporter -->
<testsuite ignored="0" hostname="DESKTOP-64I2TDN" failures="0" tests="4" name="Default test" time="11.86" errors="0" timestamp="2024-07-20T20:15:55 IST">
  <testcase classname="employees.tests.Tests" name="testCreateEmployee" time="5.912"/>
  <testcase classname="employees.tests.Tests" name="testCreateEmployee" time="0.285"/>
  <testcase classname="employees.tests.Tests" name="testCreateEmployee" time="0.348"/>
  <testcase classname="employees.tests.Tests" name="testCreateEmployee" time="0.438"/>
</testsuite> <!-- Default test -->
