<?xml version="1.0" encoding="UTF-8"?>
<!-- Generated by org.testng.reporters.JUnitXMLReporter -->
<testsuite ignored="0" hostname="DESKTOP-64I2TDN" failures="0" tests="4" name="Default test" time="9.835" errors="0" timestamp="2024-07-15T23:13:45 IST">
  <testcase classname="employees.tests.Tests" name="testCreateEmployee" time="5.304"/>
  <testcase classname="employees.tests.Tests" name="testCreateEmployee" time="0.309"/>
  <testcase classname="employees.tests.Tests" name="testCreateEmployee" time="0.236"/>
  <testcase classname="employees.tests.Tests" name="testCreateEmployee" time="0.301"/>
</testsuite> <!-- Default test -->
