<?xml version="1.0" encoding="UTF-8"?>
<!-- Generated by org.testng.reporters.JUnitXMLReporter -->
<testsuite ignored="0" hostname="DESKTOP-64I2TDN" failures="0" tests="4" name="Test" time="10.437" errors="0" timestamp="2024-07-19T20:10:41 IST">
  <testcase classname="employees.tests.Tests" name="testCreateEmployee" time="5.935"/>
  <testcase classname="employees.tests.Tests" name="testCreateEmployee" time="0.251"/>
  <testcase classname="employees.tests.Tests" name="testCreateEmployee" time="0.224"/>
  <testcase classname="employees.tests.Tests" name="testCreateEmployee" time="0.352"/>
</testsuite> <!-- Test -->
