<?xml version="1.0" encoding="UTF-8"?>
<testng-results ignored="0" total="4" passed="4" failed="0" skipped="0">
  <reporter-output>
  </reporter-output>
  <suite started-at="2024-07-20T20:15:43 IST" name="Default suite" finished-at="2024-07-20T20:15:55 IST" duration-ms="11860">
    <groups>
    </groups>
    <test started-at="2024-07-20T20:15:43 IST" name="Default test" finished-at="2024-07-20T20:15:55 IST" duration-ms="11860">
      <class name="employees.tests.Tests">
        <test-method signature="testCreateEmployee([Ljava.lang.String;)[pri:1, instance:employees.tests.Tests@2e3967ea]" started-at="2024-07-20T20:15:48 IST" name="testCreateEmployee" data-provider="ExcelData" finished-at="2024-07-20T20:15:54 IST" duration-ms="5912" status="PASS">
          <params>
            <param index="0">
              <value>
                <![CDATA[[Ljava.lang.String;@1a89414e]]>
              </value>
            </param>
          </params>
          <reporter-output>
          </reporter-output>
        </test-method> <!-- testCreateEmployee -->
        <test-method signature="testCreateEmployee([Ljava.lang.String;)[pri:1, instance:employees.tests.Tests@2e3967ea]" started-at="2024-07-20T20:15:54 IST" name="testCreateEmployee" data-provider="ExcelData" finished-at="2024-07-20T20:15:54 IST" duration-ms="285" status="PASS">
          <params>
            <param index="0">
              <value>
                <![CDATA[[Ljava.lang.String;@68a5aadd]]>
              </value>
            </param>
          </params>
          <reporter-output>
          </reporter-output>
        </test-method> <!-- testCreateEmployee -->
        <test-method signature="testCreateEmployee([Ljava.lang.String;)[pri:1, instance:employees.tests.Tests@2e3967ea]" started-at="2024-07-20T20:15:54 IST" name="testCreateEmployee" data-provider="ExcelData" finished-at="2024-07-20T20:15:54 IST" duration-ms="348" status="PASS">
          <params>
            <param index="0">
              <value>
                <![CDATA[[Ljava.lang.String;@74bdfa0b]]>
              </value>
            </param>
          </params>
          <reporter-output>
          </reporter-output>
        </test-method> <!-- testCreateEmployee -->
        <test-method signature="testCreateEmployee([Ljava.lang.String;)[pri:1, instance:employees.tests.Tests@2e3967ea]" started-at="2024-07-20T20:15:54 IST" name="testCreateEmployee" data-provider="ExcelData" finished-at="2024-07-20T20:15:55 IST" duration-ms="438" status="PASS">
          <params>
            <param index="0">
              <value>
                <![CDATA[[Ljava.lang.String;@1c2096c6]]>
              </value>
            </param>
          </params>
          <reporter-output>
          </reporter-output>
        </test-method> <!-- testCreateEmployee -->
      </class> <!-- employees.tests.Tests -->
    </test> <!-- Default test -->
  </suite> <!-- Default suite -->
</testng-results>
