<?xml version="1.0" encoding="UTF-8"?>
<testng-results ignored="0" total="4" passed="4" failed="0" skipped="0">
  <reporter-output>
  </reporter-output>
  <suite started-at="2024-07-15T23:13:35 IST" name="Default suite" finished-at="2024-07-15T23:13:45 IST" duration-ms="9835">
    <groups>
    </groups>
    <test started-at="2024-07-15T23:13:35 IST" name="Default test" finished-at="2024-07-15T23:13:45 IST" duration-ms="9835">
      <class name="employees.tests.Tests">
        <test-method signature="testCreateEmployee([Ljava.lang.String;)[pri:1, instance:employees.tests.Tests@576d5deb]" started-at="2024-07-15T23:13:39 IST" name="testCreateEmployee" data-provider="ExcelData" finished-at="2024-07-15T23:13:44 IST" duration-ms="5304" status="PASS">
          <params>
            <param index="0">
              <value>
                <![CDATA[[Ljava.lang.String;@4ffa7041]]>
              </value>
            </param>
          </params>
          <reporter-output>
          </reporter-output>
        </test-method> <!-- testCreateEmployee -->
        <test-method signature="testCreateEmployee([Ljava.lang.String;)[pri:1, instance:employees.tests.Tests@576d5deb]" started-at="2024-07-15T23:13:44 IST" name="testCreateEmployee" data-provider="ExcelData" finished-at="2024-07-15T23:13:45 IST" duration-ms="309" status="PASS">
          <params>
            <param index="0">
              <value>
                <![CDATA[[Ljava.lang.String;@485c84d7]]>
              </value>
            </param>
          </params>
          <reporter-output>
          </reporter-output>
        </test-method> <!-- testCreateEmployee -->
        <test-method signature="testCreateEmployee([Ljava.lang.String;)[pri:1, instance:employees.tests.Tests@576d5deb]" started-at="2024-07-15T23:13:45 IST" name="testCreateEmployee" data-provider="ExcelData" finished-at="2024-07-15T23:13:45 IST" duration-ms="236" status="PASS">
          <params>
            <param index="0">
              <value>
                <![CDATA[[Ljava.lang.String;@1224e1b6]]>
              </value>
            </param>
          </params>
          <reporter-output>
          </reporter-output>
        </test-method> <!-- testCreateEmployee -->
        <test-method signature="testCreateEmployee([Ljava.lang.String;)[pri:1, instance:employees.tests.Tests@576d5deb]" started-at="2024-07-15T23:13:45 IST" name="testCreateEmployee" data-provider="ExcelData" finished-at="2024-07-15T23:13:45 IST" duration-ms="301" status="PASS">
          <params>
            <param index="0">
              <value>
                <![CDATA[[Ljava.lang.String;@72a3462f]]>
              </value>
            </param>
          </params>
          <reporter-output>
          </reporter-output>
        </test-method> <!-- testCreateEmployee -->
      </class> <!-- employees.tests.Tests -->
    </test> <!-- Default test -->
  </suite> <!-- Default suite -->
</testng-results>
